
=== Sat Jun 18 14:33:04 2022

Packages were changed.
Update Mode: mergeDefaultDependencies

The following packages were added:
  com.unity.collab-proxy@1.14.9
  com.unity.ide.rider@1.2.1
  com.unity.ide.visualstudio@2.0.12
  com.unity.ide.vscode@1.2.4
  com.unity.modules.ai@1.0.0
  com.unity.modules.androidjni@1.0.0
  com.unity.modules.animation@1.0.0
  com.unity.modules.assetbundle@1.0.0
  com.unity.modules.audio@1.0.0
  com.unity.modules.cloth@1.0.0
  com.unity.modules.director@1.0.0
  com.unity.modules.imageconversion@1.0.0
  com.unity.modules.imgui@1.0.0
  com.unity.modules.jsonserialize@1.0.0
  com.unity.modules.particlesystem@1.0.0
  com.unity.modules.physics@1.0.0
  com.unity.modules.physics2d@1.0.0
  com.unity.modules.screencapture@1.0.0
  com.unity.modules.terrain@1.0.0
  com.unity.modules.terrainphysics@1.0.0
  com.unity.modules.tilemap@1.0.0
  com.unity.modules.ui@1.0.0
  com.unity.modules.uielements@1.0.0
  com.unity.modules.umbra@1.0.0
  com.unity.modules.unityanalytics@1.0.0
  com.unity.modules.unitywebrequest@1.0.0
  com.unity.modules.unitywebrequestassetbundle@1.0.0
  com.unity.modules.unitywebrequestaudio@1.0.0
  com.unity.modules.unitywebrequesttexture@1.0.0
  com.unity.modules.unitywebrequestwww@1.0.0
  com.unity.modules.vehicles@1.0.0
  com.unity.modules.video@1.0.0
  com.unity.modules.vr@1.0.0
  com.unity.modules.wind@1.0.0
  com.unity.modules.xr@1.0.0
  com.unity.test-framework@1.1.29
  com.unity.textmeshpro@2.1.6
  com.unity.timeline@1.2.18
  com.unity.ugui@1.0.0
The following packages were updated:
  com.unity.2d.animation from version 3.2.4 to 3.2.15
  com.unity.2d.pixel-perfect from version 2.0.4 to 2.1.0
  com.unity.2d.psdimporter from version 2.1.5 to 2.1.10
  com.unity.2d.spriteshape from version 3.0.13 to 3.0.18

=== Mon Jun 20 23:55:11 2022

Packages were changed.
Update Mode: updateDependencies

The following packages were added:
  com.unity.ads@3.7.5
  com.unity.analytics@3.6.12
  com.unity.multiplayer-hlapi@1.0.8
  com.unity.purchasing@4.1.2
  com.unity.xr.legacyinputhelpers@2.1.8

=== Mon Jul 18 11:19:49 2022

Packages were changed.
Update Mode: updateDependencies

The following packages were added:
  com.unity.ext.nunit@1.0.0

=== Mon Jul 18 11:24:49 2022

Packages were changed.
Update Mode: resetToDefaultDependencies

The following packages were added:
  com.unity.package-manager-ui@2.2.0
The following packages were updated:
  com.unity.textmeshpro from version 2.1.6 to 2.0.1
  com.unity.test-framework from version 1.0.18 to 1.0.13
  com.unity.ide.vscode from version 1.2.4 to 1.1.2
  com.unity.ide.rider from version 1.2.1 to 1.1.0
The following packages were removed:
  com.unity.2d.animation@3.2.16
  com.unity.2d.pixel-perfect@1.0.0-preview
  com.unity.2d.sprite@1.0.0
  com.unity.2d.spriteshape@3.0.18
  com.unity.2d.tilemap@1.0.0
  com.unity.ads@3.7.5
  com.unity.analytics@3.6.12
  com.unity.ide.visualstudio@2.0.12
  com.unity.multiplayer-hlapi@1.0.8
  com.unity.purchasing@4.1.2
  com.unity.xr.legacyinputhelpers@1.0.0

=== Mon Jul 18 19:57:40 2022

Packages were changed.
Update Mode: updateDependencies

The following packages were added:
  com.unity.ide.visualstudio@2.0.12
The following packages were updated:
  com.unity.collab-proxy from version 1.2.16 to 1.14.9
  com.unity.ext.nunit from version 1.0.0 to 1.0.6
  com.unity.ide.rider from version 1.1.0 to 1.2.1
  com.unity.ide.vscode from version 1.1.2 to 1.2.4
  com.unity.test-framework from version 1.0.13 to 1.1.29
  com.unity.textmeshpro from version 2.0.1 to 2.1.4
  com.unity.timeline from version 1.1.0 to 1.2.18
The following packages were removed:
  com.unity.package-manager-ui@2.2.0

=== Tue Aug  9 17:41:09 2022

Packages were changed.
Update Mode: updateDependencies

The following packages were added:
  com.unity.ads@3.7.5
  com.unity.analytics@3.6.12
  com.unity.multiplayer-hlapi@1.0.8
  com.unity.purchasing@4.1.2
  com.unity.xr.legacyinputhelpers@2.1.8

=== Mon Jun 23 13:41:22 2025

Packages were changed.
Update Mode: updateDependencies

The following packages were updated:
  com.unity.collab-proxy from version 1.14.9 to 1.14.18
  com.unity.ide.visualstudio from version 2.0.12 to 2.0.15
  com.unity.ide.vscode from version 1.2.4 to 1.2.5
  com.unity.purchasing from version 4.1.2 to 4.1.5
  com.unity.test-framework from version 1.1.29 to 1.1.31
  com.unity.xr.legacyinputhelpers from version 2.1.8 to 2.1.9
